<?xml version="1.0" encoding="UTF-8"?>
<testng-results skipped="0" failed="0" ignored="0" total="5" passed="5">
  <reporter-output>
  </reporter-output>
  <suite name="All Test Suite" duration-ms="5877" started-at="2023-05-01T21:27:04 EET" finished-at="2023-05-01T21:27:10 EET">
    <groups>
    </groups>
    <test name="Main Test" duration-ms="5877" started-at="2023-05-01T21:27:04 EET" finished-at="2023-05-01T21:27:10 EET">
      <class name="Campus.CountryTest">
        <test-method status="PASS" signature="Setup()[pri:0, instance:Campus.CountryTest@2a742aa2]" name="Setup" is-config="true" duration-ms="2766" started-at="2023-05-01T21:27:04 EET" finished-at="2023-05-01T21:27:06 EET">
          <reporter-output>
          </reporter-output>
        </test-method> <!-- Setup -->
        <test-method status="PASS" signature="createCountry()[pri:0, instance:Campus.CountryTest@2a742aa2]" name="createCountry" duration-ms="1705" started-at="2023-05-01T21:27:06 EET" finished-at="2023-05-01T21:27:08 EET">
          <reporter-output>
          </reporter-output>
        </test-method> <!-- createCountry -->
        <test-method status="PASS" signature="createCountryNegative()[pri:0, instance:Campus.CountryTest@2a742aa2]" name="createCountryNegative" duration-ms="392" started-at="2023-05-01T21:27:08 EET" depends-on-methods="Campus.CountryTest.createCountry" finished-at="2023-05-01T21:27:09 EET">
          <reporter-output>
          </reporter-output>
        </test-method> <!-- createCountryNegative -->
        <test-method status="PASS" signature="updateCountry()[pri:0, instance:Campus.CountryTest@2a742aa2]" name="updateCountry" duration-ms="388" started-at="2023-05-01T21:27:09 EET" depends-on-methods="Campus.CountryTest.createCountryNegative" finished-at="2023-05-01T21:27:09 EET">
          <reporter-output>
          </reporter-output>
        </test-method> <!-- updateCountry -->
        <test-method status="PASS" signature="deleteCountry()[pri:0, instance:Campus.CountryTest@2a742aa2]" name="deleteCountry" duration-ms="294" started-at="2023-05-01T21:27:09 EET" depends-on-methods="Campus.CountryTest.updateCountry" finished-at="2023-05-01T21:27:09 EET">
          <reporter-output>
          </reporter-output>
        </test-method> <!-- deleteCountry -->
        <test-method status="PASS" signature="deleteCountryNegative()[pri:0, instance:Campus.CountryTest@2a742aa2]" name="deleteCountryNegative" duration-ms="287" started-at="2023-05-01T21:27:09 EET" depends-on-methods="Campus.CountryTest.deleteCountry" finished-at="2023-05-01T21:27:10 EET">
          <reporter-output>
          </reporter-output>
        </test-method> <!-- deleteCountryNegative -->
      </class> <!-- Campus.CountryTest -->
    </test> <!-- Main Test -->
  </suite> <!-- All Test Suite -->
</testng-results>
