<?xml version="1.0" encoding="UTF-8"?>
<!-- Generated by org.testng.reporters.JUnitXMLReporter -->
<testsuite hostname="DESKTOP-5E8VB7T" ignored="0" name="Main Test" tests="5" failures="0" timestamp="2023-05-01T21:27:10 EET" time="5.877" errors="0">
  <testcase name="createCountry" time="1.705" classname="Campus.CountryTest"/>
  <testcase name="createCountryNegative" time="0.392" classname="Campus.CountryTest"/>
  <testcase name="updateCountry" time="0.388" classname="Campus.CountryTest"/>
  <testcase name="deleteCountry" time="0.294" classname="Campus.CountryTest"/>
  <testcase name="deleteCountryNegative" time="0.287" classname="Campus.CountryTest"/>
</testsuite> <!-- Main Test -->
